{"/Users/ethanhammond/Documents/GitHub/secure-node-app/src/app.js": {"path":"/Users/ethanhammond/Documents/GitHub/secure-node-app/src/app.js","statementMap":{"0":{"start":{"line":3,"column":15},"end":{"line":3,"column":32}},"1":{"start":{"line":4,"column":13},"end":{"line":4,"column":28}},"2":{"start":{"line":5,"column":16},"end":{"line":5,"column":34}},"3":{"start":{"line":6,"column":15},"end":{"line":6,"column":32}},"4":{"start":{"line":7,"column":18},"end":{"line":7,"column":47}},"5":{"start":{"line":8,"column":12},"end":{"line":8,"column":26}},"6":{"start":{"line":9,"column":13},"end":{"line":9,"column":28}},"7":{"start":{"line":10,"column":12},"end":{"line":10,"column":35}},"8":{"start":{"line":11,"column":18},"end":{"line":11,"column":47}},"9":{"start":{"line":12,"column":35},"end":{"line":12,"column":63}},"10":{"start":{"line":13,"column":20},"end":{"line":13,"column":65}},"11":{"start":{"line":15,"column":12},"end":{"line":15,"column":21}},"12":{"start":{"line":16,"column":18},"end":{"line":16,"column":71}},"13":{"start":{"line":18,"column":23},"end":{"line":38,"column":1}},"14":{"start":{"line":19,"column":21},"end":{"line":19,"column":52}},"15":{"start":{"line":20,"column":16},"end":{"line":20,"column":77}},"16":{"start":{"line":22,"column":2},"end":{"line":27,"column":3}},"17":{"start":{"line":23,"column":4},"end":{"line":26,"column":7}},"18":{"start":{"line":29,"column":2},"end":{"line":37,"column":3}},"19":{"start":{"line":30,"column":4},"end":{"line":30,"column":44}},"20":{"start":{"line":31,"column":4},"end":{"line":31,"column":18}},"21":{"start":{"line":33,"column":4},"end":{"line":36,"column":7}},"22":{"start":{"line":40,"column":0},"end":{"line":40,"column":28}},"23":{"start":{"line":42,"column":0},"end":{"line":46,"column":3}},"24":{"start":{"line":43,"column":2},"end":{"line":43,"column":38}},"25":{"start":{"line":44,"column":2},"end":{"line":44,"column":47}},"26":{"start":{"line":45,"column":2},"end":{"line":45,"column":9}},"27":{"start":{"line":48,"column":0},"end":{"line":48,"column":18}},"28":{"start":{"line":50,"column":0},"end":{"line":66,"column":2}},"29":{"start":{"line":68,"column":0},"end":{"line":76,"column":2}},"30":{"start":{"line":78,"column":0},"end":{"line":78,"column":15}},"31":{"start":{"line":80,"column":0},"end":{"line":85,"column":2}},"32":{"start":{"line":87,"column":19},"end":{"line":87,"column":67}},"33":{"start":{"line":88,"column":0},"end":{"line":96,"column":2}},"34":{"start":{"line":98,"column":0},"end":{"line":104,"column":3}},"35":{"start":{"line":99,"column":2},"end":{"line":103,"column":5}},"36":{"start":{"line":106,"column":0},"end":{"line":112,"column":3}},"37":{"start":{"line":107,"column":2},"end":{"line":111,"column":5}},"38":{"start":{"line":114,"column":0},"end":{"line":116,"column":3}},"39":{"start":{"line":115,"column":2},"end":{"line":115,"column":36}},"40":{"start":{"line":118,"column":0},"end":{"line":118,"column":64}},"41":{"start":{"line":120,"column":0},"end":{"line":146,"column":2}},"42":{"start":{"line":127,"column":19},"end":{"line":127,"column":40}},"43":{"start":{"line":128,"column":4},"end":{"line":133,"column":5}},"44":{"start":{"line":129,"column":6},"end":{"line":132,"column":9}},"45":{"start":{"line":135,"column":18},"end":{"line":142,"column":5}},"46":{"start":{"line":144,"column":4},"end":{"line":144,"column":43}},"47":{"start":{"line":148,"column":0},"end":{"line":179,"column":2}},"48":{"start":{"line":161,"column":19},"end":{"line":161,"column":40}},"49":{"start":{"line":162,"column":4},"end":{"line":167,"column":5}},"50":{"start":{"line":163,"column":6},"end":{"line":166,"column":9}},"51":{"start":{"line":169,"column":4},"end":{"line":177,"column":7}},"52":{"start":{"line":181,"column":0},"end":{"line":191,"column":3}},"53":{"start":{"line":182,"column":2},"end":{"line":190,"column":5}},"54":{"start":{"line":193,"column":0},"end":{"line":201,"column":3}},"55":{"start":{"line":194,"column":2},"end":{"line":194,"column":13}},"56":{"start":{"line":195,"column":2},"end":{"line":195,"column":27}},"57":{"start":{"line":196,"column":2},"end":{"line":200,"column":5}},"58":{"start":{"line":203,"column":0},"end":{"line":208,"column":3}},"59":{"start":{"line":204,"column":2},"end":{"line":207,"column":5}},"60":{"start":{"line":210,"column":0},"end":{"line":210,"column":21}}},"fnMap":{"0":{"name":"(anonymous_0)","decl":{"start":{"line":18,"column":23},"end":{"line":18,"column":24}},"loc":{"start":{"line":18,"column":43},"end":{"line":38,"column":1}},"line":18},"1":{"name":"(anonymous_1)","decl":{"start":{"line":42,"column":8},"end":{"line":42,"column":9}},"loc":{"start":{"line":42,"column":28},"end":{"line":46,"column":1}},"line":42},"2":{"name":"(anonymous_2)","decl":{"start":{"line":98,"column":13},"end":{"line":98,"column":14}},"loc":{"start":{"line":98,"column":27},"end":{"line":104,"column":1}},"line":98},"3":{"name":"(anonymous_3)","decl":{"start":{"line":106,"column":20},"end":{"line":106,"column":21}},"loc":{"start":{"line":106,"column":34},"end":{"line":112,"column":1}},"line":106},"4":{"name":"(anonymous_4)","decl":{"start":{"line":114,"column":22},"end":{"line":114,"column":23}},"loc":{"start":{"line":114,"column":36},"end":{"line":116,"column":1}},"line":114},"5":{"name":"(anonymous_5)","decl":{"start":{"line":126,"column":2},"end":{"line":126,"column":3}},"loc":{"start":{"line":126,"column":16},"end":{"line":145,"column":3}},"line":126},"6":{"name":"(anonymous_6)","decl":{"start":{"line":160,"column":2},"end":{"line":160,"column":3}},"loc":{"start":{"line":160,"column":16},"end":{"line":178,"column":3}},"line":160},"7":{"name":"(anonymous_7)","decl":{"start":{"line":181,"column":46},"end":{"line":181,"column":47}},"loc":{"start":{"line":181,"column":60},"end":{"line":191,"column":1}},"line":181},"8":{"name":"(anonymous_8)","decl":{"start":{"line":193,"column":8},"end":{"line":193,"column":9}},"loc":{"start":{"line":193,"column":34},"end":{"line":201,"column":1}},"line":193},"9":{"name":"(anonymous_9)","decl":{"start":{"line":203,"column":8},"end":{"line":203,"column":9}},"loc":{"start":{"line":203,"column":22},"end":{"line":208,"column":1}},"line":203}},"branchMap":{"0":{"loc":{"start":{"line":16,"column":18},"end":{"line":16,"column":71}},"type":"binary-expr","locations":[{"start":{"line":16,"column":18},"end":{"line":16,"column":40}},{"start":{"line":16,"column":44},"end":{"line":16,"column":71}}],"line":16},"1":{"loc":{"start":{"line":19,"column":21},"end":{"line":19,"column":52}},"type":"binary-expr","locations":[{"start":{"line":19,"column":21},"end":{"line":19,"column":46}},{"start":{"line":19,"column":50},"end":{"line":19,"column":52}}],"line":19},"2":{"loc":{"start":{"line":20,"column":16},"end":{"line":20,"column":77}},"type":"cond-expr","locations":[{"start":{"line":20,"column":51},"end":{"line":20,"column":70}},{"start":{"line":20,"column":73},"end":{"line":20,"column":77}}],"line":20},"3":{"loc":{"start":{"line":22,"column":2},"end":{"line":27,"column":3}},"type":"if","locations":[{"start":{"line":22,"column":2},"end":{"line":27,"column":3}},{"start":{},"end":{}}],"line":22},"4":{"loc":{"start":{"line":87,"column":19},"end":{"line":87,"column":67}},"type":"binary-expr","locations":[{"start":{"line":87,"column":19},"end":{"line":87,"column":42}},{"start":{"line":87,"column":46},"end":{"line":87,"column":67}}],"line":87},"5":{"loc":{"start":{"line":102,"column":17},"end":{"line":102,"column":54}},"type":"binary-expr","locations":[{"start":{"line":102,"column":17},"end":{"line":102,"column":37}},{"start":{"line":102,"column":41},"end":{"line":102,"column":54}}],"line":102},"6":{"loc":{"start":{"line":128,"column":4},"end":{"line":133,"column":5}},"type":"if","locations":[{"start":{"line":128,"column":4},"end":{"line":133,"column":5}},{"start":{},"end":{}}],"line":128},"7":{"loc":{"start":{"line":138,"column":14},"end":{"line":138,"column":39}},"type":"binary-expr","locations":[{"start":{"line":138,"column":14},"end":{"line":138,"column":27}},{"start":{"line":138,"column":31},"end":{"line":138,"column":39}}],"line":138},"8":{"loc":{"start":{"line":162,"column":4},"end":{"line":167,"column":5}},"type":"if","locations":[{"start":{"line":162,"column":4},"end":{"line":167,"column":5}},{"start":{},"end":{}}],"line":162},"9":{"loc":{"start":{"line":175,"column":17},"end":{"line":175,"column":41}},"type":"binary-expr","locations":[{"start":{"line":175,"column":17},"end":{"line":175,"column":33}},{"start":{"line":175,"column":37},"end":{"line":175,"column":41}}],"line":175},"10":{"loc":{"start":{"line":199,"column":8},"end":{"line":199,"column":73}},"type":"binary-expr","locations":[{"start":{"line":199,"column":8},"end":{"line":199,"column":45}},{"start":{"line":199,"column":49},"end":{"line":199,"column":73}}],"line":199}},"s":{"0":1,"1":1,"2":1,"3":1,"4":1,"5":1,"6":1,"7":1,"8":1,"9":1,"10":1,"11":1,"12":1,"13":1,"14":2,"15":2,"16":2,"17":1,"18":1,"19":1,"20":1,"21":0,"22":1,"23":1,"24":11,"25":11,"26":11,"27":1,"28":1,"29":1,"30":1,"31":1,"32":1,"33":1,"34":1,"35":2,"36":1,"37":1,"38":1,"39":1,"40":1,"41":1,"42":1,"43":1,"44":0,"45":1,"46":1,"47":1,"48":2,"49":2,"50":1,"51":1,"52":1,"53":1,"54":1,"55":0,"56":0,"57":0,"58":1,"59":1,"60":1},"f":{"0":2,"1":11,"2":2,"3":1,"4":1,"5":1,"6":2,"7":1,"8":0,"9":1},"b":{"0":[1,1],"1":[2,1],"2":[1,1],"3":[1,1],"4":[1,1],"5":[2,0],"6":[0,1],"7":[1,0],"8":[1,1],"9":[1,0],"10":[0,0]},"_coverageSchema":"1a1c01bbd47fc00a2c39e90264f33305004495a9","hash":"f65a5e1f9471d57b7a5f8e273a9bbe335fcad38e"}
}
