TN:
SF:src/app.js
FN:18,(anonymous_0)
FN:42,(anonymous_1)
FN:98,(anonymous_2)
FN:106,(anonymous_3)
FN:114,(anonymous_4)
FN:126,(anonymous_5)
FN:160,(anonymous_6)
FN:181,(anonymous_7)
FN:193,(anonymous_8)
FN:203,(anonymous_9)
FNF:10
FNH:9
FNDA:2,(anonymous_0)
FNDA:11,(anonymous_1)
FNDA:2,(anonymous_2)
FNDA:1,(anonymous_3)
FNDA:1,(anonymous_4)
FNDA:1,(anonymous_5)
FNDA:2,(anonymous_6)
FNDA:1,(anonymous_7)
FNDA:0,(anonymous_8)
FNDA:1,(anonymous_9)
DA:3,1
DA:4,1
DA:5,1
DA:6,1
DA:7,1
DA:8,1
DA:9,1
DA:10,1
DA:11,1
DA:12,1
DA:13,1
DA:15,1
DA:16,1
DA:18,1
DA:19,2
DA:20,2
DA:22,2
DA:23,1
DA:29,1
DA:30,1
DA:31,1
DA:33,0
DA:40,1
DA:42,1
DA:43,11
DA:44,11
DA:45,11
DA:48,1
DA:50,1
DA:68,1
DA:78,1
DA:80,1
DA:87,1
DA:88,1
DA:98,1
DA:99,2
DA:106,1
DA:107,1
DA:114,1
DA:115,1
DA:118,1
DA:120,1
DA:127,1
DA:128,1
DA:129,0
DA:135,1
DA:144,1
DA:148,1
DA:161,2
DA:162,2
DA:163,1
DA:169,1
DA:181,1
DA:182,1
DA:193,1
DA:194,0
DA:195,0
DA:196,0
DA:203,1
DA:204,1
DA:210,1
LF:61
LH:56
BRDA:16,0,0,1
BRDA:16,0,1,1
BRDA:19,1,0,2
BRDA:19,1,1,1
BRDA:20,2,0,1
BRDA:20,2,1,1
BRDA:22,3,0,1
BRDA:22,3,1,1
BRDA:87,4,0,1
BRDA:87,4,1,1
BRDA:102,5,0,2
BRDA:102,5,1,0
BRDA:128,6,0,0
BRDA:128,6,1,1
BRDA:138,7,0,1
BRDA:138,7,1,0
BRDA:162,8,0,1
BRDA:162,8,1,1
BRDA:175,9,0,1
BRDA:175,9,1,0
BRDA:199,10,0,0
BRDA:199,10,1,0
BRF:22
BRH:16
end_of_record
